<?xml version="1.0" encoding="UTF-8"?>
<testsuite name="JUnit Vintage" tests="1" skipped="0" failures="1" errors="0" time="0.016" hostname="ZHA-ITA129-W10" timestamp="2019-08-12T08:28:34">
<properties>
<property name="awt.toolkit" value="sun.awt.windows.WToolkit"/>
<property name="file.encoding" value="windows-1252"/>
<property name="file.encoding.pkg" value="sun.io"/>
<property name="file.separator" value="\"/>
<property name="java.awt.graphicsenv" value="sun.awt.Win32GraphicsEnvironment"/>
<property name="java.awt.printerjob" value="sun.awt.windows.WPrinterJob"/>
<property name="java.class.path" value="D:\GitRepository\TDD-test\build\classes\java\test;D:\GitRepository\TDD-test\build\resources\test;D:\GitRepository\TDD-test\build\classes\java\main;D:\GitRepository\TDD-test\build\resources\main;C:\Users\HUANGET2\.gradle\caches\modules-2\files-2.1\org.springframework.boot\spring-boot-starter-data-jpa\2.1.6.RELEASE\3d2ff857d0cece1fea905e89371b802c5f5b0041\spring-boot-starter-data-jpa-2.1.6.RELEASE.jar;C:\Users\HUANGET2\.gradle\caches\modules-2\files-2.1\org.springframework.boot\spring-boot-starter-web\2.1.6.RELEASE\8d232c9366b4ef3f5a919e48efb2228528391914\spring-boot-starter-web-2.1.6.RELEASE.jar;C:\Users\HUANGET2\.gradle\caches\modules-2\files-2.1\org.junit.platform\junit-platform-launcher\1.2.0\ea230ba8c0b71943d4dd2bb215ca29041c89966e\junit-platform-launcher-1.2.0.jar;C:\Users\HUANGET2\.gradle\caches\modules-2\files-2.1\org.junit.jupiter\junit-jupiter-engine\5.2.0\de87318ccd3dfa1a98ebfef792d362776f1914de\junit-jupiter-engine-5.2.0.jar;C:\Users\HUANGET2\.gradle\caches\modules-2\files-2.1\org.junit.vintage\junit-vintage-engine\5.2.0\ff11a5d0674df5e2264e50fe3f8a3485a4399ccb\junit-vintage-engine-5.2.0.jar;C:\Users\HUANGET2\.gradle\caches\modules-2\files-2.1\org.springframework.boot\spring-boot-starter-test\2.1.6.RELEASE\84ca9723624ade81ca04be40b96222e786790a89\spring-boot-starter-test-2.1.6.RELEASE.jar;C:\Users\HUANGET2\.gradle\caches\modules-2\files-2.1\org.springframework.boot\spring-boot-starter-aop\2.1.6.RELEASE\93d2264fb36bdecaddcf2a4477d96a59709948d6\spring-boot-starter-aop-2.1.6.RELEASE.jar;C:\Users\HUANGET2\.gradle\caches\modules-2\files-2.1\org.springframework.boot\spring-boot-starter-jdbc\2.1.6.RELEASE\8f9d678dad1c535377914c6ff3a4d470976a4de5\spring-boot-starter-jdbc-2.1.6.RELEASE.jar;C:\Users\HUANGET2\.gradle\caches\modules-2\files-2.1\javax.transaction\javax.transaction-api\1.3\e006adf5cf3cca2181d16bd640ecb80148ec0fce\javax.transaction-api-1.3.jar;C:\Users\HUANGET2\.gradle\caches\modules-2\files-2.1\javax.xml.bind\jaxb-api\2.3.1\8531ad5ac454cc2deb9d4d32c40c4d7451939b5d\jaxb-api-2.3.1.jar;C:\Users\HUANGET2\.gradle\caches\modules-2\files-2.1\org.hibernate\hibernate-core\5.3.10.Final\e608b854325005edbf43cb2b6041fdafd3f2eb57\hibernate-core-5.3.10.Final.jar;C:\Users\HUANGET2\.gradle\caches\modules-2\files-2.1\org.springframework.data\spring-data-jpa\2.1.9.RELEASE\7ce2a4cc8c38ea4156435786a5d65ff7cbfdc15b\spring-data-jpa-2.1.9.RELEASE.jar;C:\Users\HUANGET2\.gradle\caches\modules-2\files-2.1\org.springframework\spring-aspects\5.1.8.RELEASE\9ba80326ca4c7f938a93c41c943782fff0c98b2f\spring-aspects-5.1.8.RELEASE.jar;C:\Users\HUANGET2\.gradle\caches\modules-2\files-2.1\org.springframework.boot\spring-boot-starter-json\2.1.6.RELEASE\ed82ba4ed8a45855f5571c0fbc15537aa942763\spring-boot-starter-json-2.1.6.RELEASE.jar;C:\Users\HUANGET2\.gradle\caches\modules-2\files-2.1\org.springframework.boot\spring-boot-starter\2.1.6.RELEASE\22f085f39ded75b0b454ee7731eccae68b20f17e\spring-boot-starter-2.1.6.RELEASE.jar;C:\Users\HUANGET2\.gradle\caches\modules-2\files-2.1\org.springframework.boot\spring-boot-starter-tomcat\2.1.6.RELEASE\204079b2a82b794246fe911d29f1d9682efbd951\spring-boot-starter-tomcat-2.1.6.RELEASE.jar;C:\Users\HUANGET2\.gradle\caches\modules-2\files-2.1\org.hibernate.validator\hibernate-validator\6.0.17.Final\af73055fc4a103ab347c56e7da5a143d68a0170\hibernate-validator-6.0.17.Final.jar;C:\Users\HUANGET2\.gradle\caches\modules-2\files-2.1\org.springframework\spring-webmvc\5.1.8.RELEASE\d2b6359b3b502ce917879990fbee99723bfa78c5\spring-webmvc-5.1.8.RELEASE.jar;C:\Users\HUANGET2\.gradle\caches\modules-2\files-2.1\org.springframework\spring-web\5.1.8.RELEASE\6d7134733f05133d82440172c5f6f9fe001db7ed\spring-web-5.1.8.RELEASE.jar;C:\Users\HUANGET2\.gradle\caches\modules-2\files-2.1\org.junit.platform\junit-platform-engine\1.3.2\c54bc1d4654bd1ef15fccf512ce664184085969\junit-platform-engine-1.3.2.jar;C:\Users\HUANGET2\.gradle\caches\modules-2\files-2.1\org.junit.jupiter\junit-jupiter-api\5.3.2\3602b523ffae9dabc04c329d73ab39ab04b3cbe2\junit-jupiter-api-5.3.2.jar;C:\Users\HUANGET2\.gradle\caches\modules-2\files-2.1\org.junit.platform\junit-platform-commons\1.3.2\378d1d1b162426ad031522f6d51e3bf28d1631a4\junit-platform-commons-1.3.2.jar;C:\Users\HUANGET2\.gradle\caches\modules-2\files-2.1\org.apiguardian\apiguardian-api\1.0.0\3ef5276905e36f4d8055fe3cb0bdcc7503ffc85d\apiguardian-api-1.0.0.jar;C:\Users\HUANGET2\.gradle\caches\modules-2\files-2.1\junit\junit\4.12\2973d150c0dc1fefe998f834810d68f278ea58ec\junit-4.12.jar;C:\Users\HUANGET2\.gradle\caches\modules-2\files-2.1\org.springframework.boot\spring-boot-test-autoconfigure\2.1.6.RELEASE\6d3ed4a0b08a139892c2308d77e33ef3bb7f7be4\spring-boot-test-autoconfigure-2.1.6.RELEASE.jar;C:\Users\HUANGET2\.gradle\caches\modules-2\files-2.1\org.springframework.boot\spring-boot-test\2.1.6.RELEASE\6a3f167e76e4dee556c9892058e60b1445c9576b\spring-boot-test-2.1.6.RELEASE.jar;C:\Users\HUANGET2\.gradle\caches\modules-2\files-2.1\com.jayway.jsonpath\json-path\2.4.0\765a4401ceb2dc8d40553c2075eb80a8fa35c2ae\json-path-2.4.0.jar;C:\Users\HUANGET2\.gradle\caches\modules-2\files-2.1\org.assertj\assertj-core\3.11.1\fdac3217b804d6900fa3650f17b5cb48e620b140\assertj-core-3.11.1.jar;C:\Users\HUANGET2\.gradle\caches\modules-2\files-2.1\org.mockito\mockito-core\2.23.4\a35b6f8ffcfa786771eac7d7d903429e790fdf3f\mockito-core-2.23.4.jar;C:\Users\HUANGET2\.gradle\caches\modules-2\files-2.1\org.hamcrest\hamcrest-library\1.3\4785a3c21320980282f9f33d0d1264a69040538f\hamcrest-library-1.3.jar;C:\Users\HUANGET2\.gradle\caches\modules-2\files-2.1\org.hamcrest\hamcrest-core\1.3\42a25dc3219429f0e5d060061f71acb49bf010a0\hamcrest-core-1.3.jar;C:\Users\HUANGET2\.gradle\caches\modules-2\files-2.1\org.skyscreamer\jsonassert\1.5.0\6c9d5fe2f59da598d9aefc1cfc6528ff3cf32df3\jsonassert-1.5.0.jar;C:\Users\HUANGET2\.gradle\caches\modules-2\files-2.1\org.springframework\spring-test\5.1.8.RELEASE\2a629b975a2815772b947686d4936a5c764fe4f6\spring-test-5.1.8.RELEASE.jar;C:\Users\HUANGET2\.gradle\caches\modules-2\files-2.1\org.springframework\spring-orm\5.1.8.RELEASE\9a39c5419a48531957ab92ae32ec80ce86367ef9\spring-orm-5.1.8.RELEASE.jar;C:\Users\HUANGET2\.gradle\caches\modules-2\files-2.1\org.springframework\spring-jdbc\5.1.8.RELEASE\bf8affe2ce53e92e22bf3e2b85dfcbcde089bd0a\spring-jdbc-5.1.8.RELEASE.jar;C:\Users\HUANGET2\.gradle\caches\modules-2\files-2.1\org.springframework.data\spring-data-commons\2.1.9.RELEASE\797e28eecdd88697b558799b657418c3063dc270\spring-data-commons-2.1.9.RELEASE.jar;C:\Users\HUANGET2\.gradle\caches\modules-2\files-2.1\org.springframework\spring-tx\5.1.8.RELEASE\a4941bf2e1a32e2d102dfeff8d542db8fd99a912\spring-tx-5.1.8.RELEASE.jar;C:\Users\HUANGET2\.gradle\caches\modules-2\files-2.1\org.springframework.boot\spring-boot-autoconfigure\2.1.6.RELEASE\875d84cfa6d5655bd11238c229e7acedf344024b\spring-boot-autoconfigure-2.1.6.RELEASE.jar;C:\Users\HUANGET2\.gradle\caches\modules-2\files-2.1\org.springframework.boot\spring-boot\2.1.6.RELEASE\b8a75ec9a9c570290523c4308c2255fbea6746c0\spring-boot-2.1.6.RELEASE.jar;C:\Users\HUANGET2\.gradle\caches\modules-2\files-2.1\org.springframework\spring-context\5.1.8.RELEASE\83ab599b042a4805bbee71b6241e9d073022d704\spring-context-5.1.8.RELEASE.jar;C:\Users\HUANGET2\.gradle\caches\modules-2\files-2.1\org.springframework\spring-expression\5.1.8.RELEASE\4f8340d8d4f52dbd527bd696358923ff4df5be1a\spring-expression-5.1.8.RELEASE.jar;C:\Users\HUANGET2\.gradle\caches\modules-2\files-2.1\org.springframework\spring-aop\5.1.8.RELEASE\c013c5603a05bee2a80cc2ec8f3fc11b15d4de3a\spring-aop-5.1.8.RELEASE.jar;C:\Users\HUANGET2\.gradle\caches\modules-2\files-2.1\org.springframework\spring-beans\5.1.8.RELEASE\e35fa81d0142ef7c1247a7dee8b1ef2dd78c6322\spring-beans-5.1.8.RELEASE.jar;C:\Users\HUANGET2\.gradle\caches\modules-2\files-2.1\org.springframework\spring-core\5.1.8.RELEASE\37fd45c92cfd05b9ad173ee1184ec4221e0f931f\spring-core-5.1.8.RELEASE.jar;C:\Users\HUANGET2\.gradle\caches\modules-2\files-2.1\org.xmlunit\xmlunit-core\2.6.2\b0461888cdd8d3975ea8a57df96520409cadcb6c\xmlunit-core-2.6.2.jar;C:\Users\HUANGET2\.gradle\caches\modules-2\files-2.1\org.aspectj\aspectjweaver\1.9.4\9205229878f3d62fbd3a32a0fb6be2d6ad8589a9\aspectjweaver-1.9.4.jar;C:\Users\HUANGET2\.gradle\caches\modules-2\files-2.1\com.zaxxer\HikariCP\3.2.0\6c66db1c636ee90beb4c65fe34abd8ba9396bca6\HikariCP-3.2.0.jar;C:\Users\HUANGET2\.gradle\caches\modules-2\files-2.1\javax.activation\javax.activation-api\1.2.0\85262acf3ca9816f9537ca47d5adeabaead7cb16\javax.activation-api-1.2.0.jar;C:\Users\HUANGET2\.gradle\caches\modules-2\files-2.1\org.hibernate.common\hibernate-commons-annotations\5.0.4.Final\965a18fdf939ee75e41f7918532d37b3a8350535\hibernate-commons-annotations-5.0.4.Final.jar;C:\Users\HUANGET2\.gradle\caches\modules-2\files-2.1\org.jboss.logging\jboss-logging\3.3.2.Final\3789d00e859632e6c6206adc0c71625559e6e3b0\jboss-logging-3.3.2.Final.jar;C:\Users\HUANGET2\.gradle\caches\modules-2\files-2.1\javax.persistence\javax.persistence-api\2.2\25665ac8c0b62f50e6488173233239120fc52c96\javax.persistence-api-2.2.jar;C:\Users\HUANGET2\.gradle\caches\modules-2\files-2.1\org.javassist\javassist\3.23.2-GA\c5afe660a95e87ceb518e4f5cf02f5c56b547683\javassist-3.23.2-GA.jar;C:\Users\HUANGET2\.gradle\caches\modules-2\files-2.1\net.bytebuddy\byte-buddy\1.9.13\cdaa4d47073aa70819649bf037cfefe75c39a4b6\byte-buddy-1.9.13.jar;C:\Users\HUANGET2\.gradle\caches\modules-2\files-2.1\antlr\antlr\2.7.7\83cd2cd674a217ade95a4bb83a8a14f351f48bd0\antlr-2.7.7.jar;C:\Users\HUANGET2\.gradle\caches\modules-2\files-2.1\org.jboss\jandex\2.0.5.Final\7060f67764565b9ee9d467e3ed0cb8a9c601b23a\jandex-2.0.5.Final.jar;C:\Users\HUANGET2\.gradle\caches\modules-2\files-2.1\com.fasterxml\classmate\1.4.0\291658ac2ce2476256c7115943652c0accb5c857\classmate-1.4.0.jar;C:\Users\HUANGET2\.gradle\caches\modules-2\files-2.1\org.dom4j\dom4j\2.1.1\3dce5dbb3571aa820c677fadd8349bfa8f00c199\dom4j-2.1.1.jar;C:\Users\HUANGET2\.gradle\caches\modules-2\files-2.1\org.springframework.boot\spring-boot-starter-logging\2.1.6.RELEASE\9cb7228f463fce085317e2da8fb824568e697b7c\spring-boot-starter-logging-2.1.6.RELEASE.jar;C:\Users\HUANGET2\.gradle\caches\modules-2\files-2.1\ch.qos.logback\logback-classic\1.2.3\7c4f3c474fb2c041d8028740440937705ebb473a\logback-classic-1.2.3.jar;C:\Users\HUANGET2\.gradle\caches\modules-2\files-2.1\org.apache.logging.log4j\log4j-to-slf4j\2.11.2\6d37bf7b046c0ce2669f26b99365a2cfa45c4c18\log4j-to-slf4j-2.11.2.jar;C:\Users\HUANGET2\.gradle\caches\modules-2\files-2.1\org.slf4j\jul-to-slf4j\1.7.26\8031352b2bb0a49e67818bf04c027aa92e645d5c\jul-to-slf4j-1.7.26.jar;C:\Users\HUANGET2\.gradle\caches\modules-2\files-2.1\org.slf4j\slf4j-api\1.7.26\77100a62c2e6f04b53977b9f541044d7d722693d\slf4j-api-1.7.26.jar;C:\Users\HUANGET2\.gradle\caches\modules-2\files-2.1\javax.annotation\javax.annotation-api\1.3.2\934c04d3cfef185a8008e7bf34331b79730a9d43\javax.annotation-api-1.3.2.jar;C:\Users\HUANGET2\.gradle\caches\modules-2\files-2.1\org.yaml\snakeyaml\1.23\ec62d74fe50689c28c0ff5b35d3aebcaa8b5be68\snakeyaml-1.23.jar;C:\Users\HUANGET2\.gradle\caches\modules-2\files-2.1\com.fasterxml.jackson.datatype\jackson-datatype-jdk8\2.9.9\4b04126963103216c9c43b0f34bbc36315654204\jackson-datatype-jdk8-2.9.9.jar;C:\Users\HUANGET2\.gradle\caches\modules-2\files-2.1\com.fasterxml.jackson.datatype\jackson-datatype-jsr310\2.9.9\a33df137557793b0404a486888dbe049f7abeeeb\jackson-datatype-jsr310-2.9.9.jar;C:\Users\HUANGET2\.gradle\caches\modules-2\files-2.1\com.fasterxml.jackson.module\jackson-module-parameter-names\2.9.9\a92facb55a2538e7b2fe14294570a18b823ad431\jackson-module-parameter-names-2.9.9.jar;C:\Users\HUANGET2\.gradle\caches\modules-2\files-2.1\com.fasterxml.jackson.core\jackson-databind\2.9.9\d6eb9817d9c7289a91f043ac5ee02a6b3cc86238\jackson-databind-2.9.9.jar;C:\Users\HUANGET2\.gradle\caches\modules-2\files-2.1\org.apache.tomcat.embed\tomcat-embed-websocket\9.0.21\218f438e4812f268a1692511f897b401fc28cfa8\tomcat-embed-websocket-9.0.21.jar;C:\Users\HUANGET2\.gradle\caches\modules-2\files-2.1\org.apache.tomcat.embed\tomcat-embed-core\9.0.21\225a44fe65e9832f896e09f343ce107d38f3ee1b\tomcat-embed-core-9.0.21.jar;C:\Users\HUANGET2\.gradle\caches\modules-2\files-2.1\org.apache.tomcat.embed\tomcat-embed-el\9.0.21\6a7ed3ad394b36d3f0f77745f424e19e976d2d61\tomcat-embed-el-9.0.21.jar;C:\Users\HUANGET2\.gradle\caches\modules-2\files-2.1\javax.validation\validation-api\2.0.1.Final\cb855558e6271b1b32e716d24cb85c7f583ce09e\validation-api-2.0.1.Final.jar;C:\Users\HUANGET2\.gradle\caches\modules-2\files-2.1\org.opentest4j\opentest4j\1.1.1\efd9f971e91074491ea55b19f67b13470cf4fcdd\opentest4j-1.1.1.jar;C:\Users\HUANGET2\.gradle\caches\modules-2\files-2.1\net.minidev\json-smart\2.3\7396407491352ce4fa30de92efb158adb76b5b\json-smart-2.3.jar;C:\Users\HUANGET2\.gradle\caches\modules-2\files-2.1\net.bytebuddy\byte-buddy-agent\1.9.13\df0eecb1c8f146f6331ec2d45259d66de3795d84\byte-buddy-agent-1.9.13.jar;C:\Users\HUANGET2\.gradle\caches\modules-2\files-2.1\org.objenesis\objenesis\2.6\639033469776fd37c08358c6b92a4761feb2af4b\objenesis-2.6.jar;C:\Users\HUANGET2\.gradle\caches\modules-2\files-2.1\com.vaadin.external.google\android-json\0.0.20131108.vaadin1\fa26d351fe62a6a17f5cda1287c1c6110dec413f\android-json-0.0.20131108.vaadin1.jar;C:\Users\HUANGET2\.gradle\caches\modules-2\files-2.1\org.springframework\spring-jcl\5.1.8.RELEASE\60a3bb9c802ea03c955ee26526f8aebc9dd712b6\spring-jcl-5.1.8.RELEASE.jar;C:\Users\HUANGET2\.gradle\caches\modules-2\files-2.1\com.fasterxml.jackson.core\jackson-annotations\2.9.0\7c10d545325e3a6e72e06381afe469fd40eb701\jackson-annotations-2.9.0.jar;C:\Users\HUANGET2\.gradle\caches\modules-2\files-2.1\com.fasterxml.jackson.core\jackson-core\2.9.9\bfff5af9fb8347d26bbb7959cb9b4fe9a2b0ca5e\jackson-core-2.9.9.jar;C:\Users\HUANGET2\.gradle\caches\modules-2\files-2.1\net.minidev\accessors-smart\1.2\c592b500269bfde36096641b01238a8350f8aa31\accessors-smart-1.2.jar;C:\Users\HUANGET2\.gradle\caches\modules-2\files-2.1\ch.qos.logback\logback-core\1.2.3\864344400c3d4d92dfeb0a305dc87d953677c03c\logback-core-1.2.3.jar;C:\Users\HUANGET2\.gradle\caches\modules-2\files-2.1\org.apache.logging.log4j\log4j-api\2.11.2\f5e9a2ffca496057d6891a3de65128efc636e26e\log4j-api-2.11.2.jar;C:\Users\HUANGET2\.gradle\caches\modules-2\files-2.1\org.ow2.asm\asm\5.0.4\da08b8cce7bbf903602a25a3a163ae252435795\asm-5.0.4.jar;C:\Users\HUANGET2\.gradle\caches\modules-2\files-2.1\org.junit.platform\junit-platform-console\1.0.0\2931079616796bc4537f7e3c236f8fdfe7e51237\junit-platform-console-1.0.0.jar;C:\Users\HUANGET2\.gradle\caches\modules-2\files-2.1\org.junit.platform\junit-platform-launcher\1.0.0\5602a195a442636276efefce2a4c7b418cd67e5c\junit-platform-launcher-1.0.0.jar"/>
<property name="java.class.version" value="52.0"/>
<property name="java.endorsed.dirs" value="D:\tool\JDK\jre\lib\endorsed"/>
<property name="java.ext.dirs" value="D:\tool\JDK\jre\lib\ext;C:\WINDOWS\Sun\Java\lib\ext"/>
<property name="java.home" value="D:\tool\JDK\jre"/>
<property name="java.io.tmpdir" value="C:\Users\HUANGET2\AppData\Local\Temp\"/>
<property name="java.library.path" value="D:\tool\JDK\bin;C:\WINDOWS\Sun\Java\bin;C:\WINDOWS\system32;C:\WINDOWS;C:\oraclexe\app\oracle\product\11.2.0\server\bin;;C:\Program Files (x86)\Common Files\Oracle\Java\javapath;C:\WINDOWS\system32;C:\WINDOWS;C:\WINDOWS\System32\Wbem;C:\WINDOWS\System32\WindowsPowerShell\v1.0\;D:\tool\GitExtensions\;D:\tool\JDK\bin;D:\tool\apache-maven-3.6.1\bin;D:\tool\gradle-5.5\bin;D:\tool\apache-ant-1.10.3\bin;D:\tool\Node\;C:\WINDOWS\System32\OpenSSH\;C:\Users\HUANGET2\AppData\Local\Microsoft\WindowsApps;;D:\tool\Microsoft VS Code\bin;C:\Users\HUANGET2\AppData\Roaming\npm;."/>
<property name="java.runtime.name" value="Java(TM) SE Runtime Environment"/>
<property name="java.runtime.version" value="1.8.0_201-b09"/>
<property name="java.specification.name" value="Java Platform API Specification"/>
<property name="java.specification.vendor" value="Oracle Corporation"/>
<property name="java.specification.version" value="1.8"/>
<property name="java.vendor" value="Oracle Corporation"/>
<property name="java.vendor.url" value="http://java.oracle.com/"/>
<property name="java.vendor.url.bug" value="http://bugreport.sun.com/bugreport/"/>
<property name="java.version" value="1.8.0_201"/>
<property name="java.vm.info" value="mixed mode"/>
<property name="java.vm.name" value="Java HotSpot(TM) 64-Bit Server VM"/>
<property name="java.vm.specification.name" value="Java Virtual Machine Specification"/>
<property name="java.vm.specification.vendor" value="Oracle Corporation"/>
<property name="java.vm.specification.version" value="1.8"/>
<property name="java.vm.vendor" value="Oracle Corporation"/>
<property name="java.vm.version" value="25.201-b09"/>
<property name="line.separator" value="
"/>
<property name="os.arch" value="amd64"/>
<property name="os.name" value="Windows 10"/>
<property name="os.version" value="10.0"/>
<property name="path.separator" value=";"/>
<property name="sun.arch.data.model" value="64"/>
<property name="sun.boot.class.path" value="D:\tool\JDK\jre\lib\resources.jar;D:\tool\JDK\jre\lib\rt.jar;D:\tool\JDK\jre\lib\sunrsasign.jar;D:\tool\JDK\jre\lib\jsse.jar;D:\tool\JDK\jre\lib\jce.jar;D:\tool\JDK\jre\lib\charsets.jar;D:\tool\JDK\jre\lib\jfr.jar;D:\tool\JDK\jre\classes"/>
<property name="sun.boot.library.path" value="D:\tool\JDK\jre\bin"/>
<property name="sun.cpu.endian" value="little"/>
<property name="sun.cpu.isalist" value="amd64"/>
<property name="sun.desktop" value="windows"/>
<property name="sun.io.unicode.encoding" value="UnicodeLittle"/>
<property name="sun.java.command" value="org.junit.platform.console.ConsoleLauncher --details NONE --scan-class-path D:\GitRepository\TDD-test\build\classes\java\main;D:\GitRepository\TDD-test\build\resources\main;D:\GitRepository\TDD-test\build\classes\java\test;D:\GitRepository\TDD-test\build\resources\test -n ^.*Tests?$ --reports-dir D:\GitRepository\TDD-test\build\test-results\junit-platform"/>
<property name="sun.java.launcher" value="SUN_STANDARD"/>
<property name="sun.jnu.encoding" value="Cp1252"/>
<property name="sun.management.compiler" value="HotSpot 64-Bit Tiered Compilers"/>
<property name="sun.os.patch.level" value=""/>
<property name="user.country" value="US"/>
<property name="user.dir" value="D:\GitRepository\TDD-test"/>
<property name="user.home" value="C:\Users\HUANGET2"/>
<property name="user.language" value="en"/>
<property name="user.name" value="HUANGET2"/>
<property name="user.script" value=""/>
<property name="user.timezone" value="Asia/Shanghai"/>
<property name="user.variant" value=""/>
</properties>
<testcase name="should_return_player2_when_call_playgame_function_given_2D_and_3D" classname="TDDTest" time="0">
<failure message="expected:&lt;3D&gt; but was:&lt;Poker@6fb0d3ed&gt;" type="java.lang.AssertionError"><![CDATA[java.lang.AssertionError: expected:<3D> but was:<Poker@6fb0d3ed>
	at org.junit.Assert.fail(Assert.java:88)
	at org.junit.Assert.failNotEquals(Assert.java:834)
	at org.junit.Assert.assertEquals(Assert.java:118)
	at org.junit.Assert.assertEquals(Assert.java:144)
	at TDDTest.should_return_player2_when_call_playgame_function_given_2D_and_3D(TDDTest.java:14)
	at sun.reflect.NativeMethodAccessorImpl.invoke0(Native Method)
	at sun.reflect.NativeMethodAccessorImpl.invoke(NativeMethodAccessorImpl.java:62)
	at sun.reflect.DelegatingMethodAccessorImpl.invoke(DelegatingMethodAccessorImpl.java:43)
	at java.lang.reflect.Method.invoke(Method.java:498)
	at org.junit.runners.model.FrameworkMethod$1.runReflectiveCall(FrameworkMethod.java:50)
	at org.junit.internal.runners.model.ReflectiveCallable.run(ReflectiveCallable.java:12)
	at org.junit.runners.model.FrameworkMethod.invokeExplosively(FrameworkMethod.java:47)
	at org.junit.internal.runners.statements.InvokeMethod.evaluate(InvokeMethod.java:17)
	at org.junit.runners.ParentRunner.runLeaf(ParentRunner.java:325)
	at org.junit.runners.BlockJUnit4ClassRunner.runChild(BlockJUnit4ClassRunner.java:78)
	at org.junit.runners.BlockJUnit4ClassRunner.runChild(BlockJUnit4ClassRunner.java:57)
	at org.junit.runners.ParentRunner$3.run(ParentRunner.java:290)
	at org.junit.runners.ParentRunner$1.schedule(ParentRunner.java:71)
	at org.junit.runners.ParentRunner.runChildren(ParentRunner.java:288)
	at org.junit.runners.ParentRunner.access$000(ParentRunner.java:58)
	at org.junit.runners.ParentRunner$2.evaluate(ParentRunner.java:268)
	at org.junit.runners.ParentRunner.run(ParentRunner.java:363)
	at org.junit.runner.JUnitCore.run(JUnitCore.java:137)
	at org.junit.runner.JUnitCore.run(JUnitCore.java:115)
	at org.junit.vintage.engine.execution.RunnerExecutor.execute(RunnerExecutor.java:39)
	at java.util.stream.ForEachOps$ForEachOp$OfRef.accept(ForEachOps.java:184)
	at java.util.stream.ReferencePipeline$3$1.accept(ReferencePipeline.java:193)
	at java.util.Iterator.forEachRemaining(Iterator.java:116)
	at java.util.Spliterators$IteratorSpliterator.forEachRemaining(Spliterators.java:1801)
	at java.util.stream.AbstractPipeline.copyInto(AbstractPipeline.java:481)
	at java.util.stream.AbstractPipeline.wrapAndCopyInto(AbstractPipeline.java:471)
	at java.util.stream.ForEachOps$ForEachOp.evaluateSequential(ForEachOps.java:151)
	at java.util.stream.ForEachOps$ForEachOp$OfRef.evaluateSequential(ForEachOps.java:174)
	at java.util.stream.AbstractPipeline.evaluate(AbstractPipeline.java:234)
	at java.util.stream.ReferencePipeline.forEach(ReferencePipeline.java:418)
	at org.junit.vintage.engine.VintageTestEngine.executeAllChildren(VintageTestEngine.java:79)
	at org.junit.vintage.engine.VintageTestEngine.execute(VintageTestEngine.java:70)
	at org.junit.platform.launcher.core.DefaultLauncher.execute(DefaultLauncher.java:170)
	at org.junit.platform.launcher.core.DefaultLauncher.execute(DefaultLauncher.java:154)
	at org.junit.platform.launcher.core.DefaultLauncher.execute(DefaultLauncher.java:90)
	at org.junit.platform.console.tasks.ConsoleTestExecutor.executeTests(ConsoleTestExecutor.java:65)
	at org.junit.platform.console.tasks.ConsoleTestExecutor.lambda$execute$0(ConsoleTestExecutor.java:57)
	at org.junit.platform.console.tasks.CustomContextClassLoaderExecutor.invoke(CustomContextClassLoaderExecutor.java:33)
	at org.junit.platform.console.tasks.ConsoleTestExecutor.execute(ConsoleTestExecutor.java:57)
	at org.junit.platform.console.ConsoleLauncher.executeTests(ConsoleLauncher.java:84)
	at org.junit.platform.console.ConsoleLauncher.execute(ConsoleLauncher.java:74)
	at org.junit.platform.console.ConsoleLauncher.execute(ConsoleLauncher.java:47)
	at org.junit.platform.console.ConsoleLauncher.main(ConsoleLauncher.java:39)
]]></failure>
<system-out><![CDATA[
unique-id: [engine:junit-vintage]/[runner:TDDTest]/[test:should_return_player2_when_call_playgame_function_given_2D_and_3D(TDDTest)]
display-name: should_return_player2_when_call_playgame_function_given_2D_and_3D
]]></system-out>
</testcase>
<system-out><![CDATA[
unique-id: [engine:junit-vintage]
display-name: JUnit Vintage
]]></system-out>
</testsuite>
