<?xml version="1.0" encoding="UTF-8"?>
<testsuite name="TDDTest" tests="1" skipped="0" failures="0" errors="0" timestamp="2019-08-12T05:38:42" hostname="ZHA-ITA129-W10" time="0.0">
  <properties/>
  <testcase name="should_return_poker2_when_call_playgame_function_given_2C3H4C7H8C_and_2D3S4D7S8D" classname="TDDTest" time="0.0"/>
  <system-out><![CDATA[]]></system-out>
  <system-err><![CDATA[]]></system-err>
</testsuite>
